<?xml version="1.0" encoding="UTF-8"?>
<coverage generated="1669053980415" clover="3.2.0">
  <project timestamp="1669053980415" name="All files">
    <metrics statements="13" coveredstatements="12" conditionals="2" coveredconditionals="1" methods="3" coveredmethods="3" elements="18" coveredelements="16" complexity="0" loc="13" ncloc="13" packages="1" files="3" classes="3"/>
    <file name="adding.js" path="/Users/wchen242/Desktop/week-12/javascript/adding.js">
      <metrics statements="4" coveredstatements="4" conditionals="0" coveredconditionals="0" methods="1" coveredmethods="1"/>
      <line num="2" count="2" type="stmt"/>
      <line num="3" count="2" type="stmt"/>
      <line num="4" count="2" type="stmt"/>
      <line num="7" count="1" type="stmt"/>
    </file>
    <file name="array.js" path="/Users/wchen242/Desktop/week-12/javascript/array.js">
      <metrics statements="5" coveredstatements="5" conditionals="0" coveredconditionals="0" methods="1" coveredmethods="1"/>
      <line num="2" count="2" type="stmt"/>
      <line num="4" count="2" type="stmt"/>
      <line num="5" count="8" type="stmt"/>
      <line num="7" count="2" type="stmt"/>
      <line num="10" count="1" type="stmt"/>
    </file>
    <file name="ifelse.js" path="/Users/wchen242/Desktop/week-12/javascript/ifelse.js">
      <metrics statements="4" coveredstatements="3" conditionals="2" coveredconditionals="1" methods="1" coveredmethods="1"/>
      <line num="8" count="1" type="cond" truecount="1" falsecount="1"/>
      <line num="9" count="0" type="stmt"/>
      <line num="11" count="1" type="stmt"/>
      <line num="15" count="1" type="stmt"/>
    </file>
  </project>
</coverage>
